===================================== 
AndreyevMW
Выше 3 не поставлю! Делает сэлфи на каждой лекции. Клонит в сон от его храпа. В среду опоздание на 4 минуты; 
===================================== 
AnasenkoBI
Делает сэлфи на каждой лекции. Делает вид, что все понимает. Болеет за Спартак... Смешная фамилия) Боится меня( Левша. Все время сидит в телефоне. 
===================================== 
AnasenkoII
Делает вид, что все понимает. 
===================================== 
AminevXL
Делает сэлфи на каждой лекции. Сидит в одноклассниках.. поставил мне класс! Характер не нордический. Сидит в одноклассниках.. поставил мне класс! Делает сэлфи на каждой лекции. Знаний никаких. 
===================================== 
AnanyevSL
Болеет за Спартак... 
===================================== 
AbramovBJ
Подлизывается, это можно использовать! Сидит в одноклассниках.. поставил мне класс! Студент вялый... Не здоровается. Левша. 
===================================== 
AbramenkoSemV
Тихий голос. Левша. На тройку знает, молодец! Записывает все, что я говорю... Болеет за Спартак... Делает сэлфи на каждой лекции. Знаний больше, чем на 2, но меньше, чем на 3!? В среду опоздание на 4 минуты; Знаний больше, чем на 2, но меньше, чем на 3!? Характер не нордический. 
===================================== 
AxenovAD
В среду опоздание на 4 минуты; Фотографическая память, но к сожалению только на лица^^. Не здоровается. Все время сидит в телефоне. 
===================================== 
AndreevNI
Вообще не понимает, что происходит. Иногда опаздывает, иногда приходит раньше. 
===================================== 
ArslanovRI
Фотографическая память, но к сожалению только на лица^^. 
===================================== 
AstrakhantsYA
Делает сэлфи на каждой лекции. 
===================================== 
AvilovDS
Утверждает, что звонок не для учителя.  Все время сидит в телефоне. Рисует на парах схемы Понци. Болеет за Спартак... Студент вялый... 
===================================== 
AlayevMA
Шуршит в микрофон! Гипоактивный... Вообще не понимает, что происходит. Утверждает, что звонок не для учителя.  Веган и сыроед. Болеет за Спартак... Сидит в одноклассниках.. поставил мне класс!
