===================================== 
RunovDR
Иногда опаздывает, иногда приходит раньше. Делает вид, что все понимает. Делает вид, что все понимает. 17 сентября опоздание на 5 минут; Подлизывается, это можно использовать! Иногда опаздывает, иногда приходит раньше. Клонит в сон от его храпа. 
===================================== 
RumyantsevGR
Болеет за Спартак... На тройку знает, молодец! Спит на лекциях! Делает сэлфи на каждой лекции. Болеет за Спартак... Фотографическая память, но к сожалению только на лица^^. 
===================================== 
RumyantsevWO
Не здоровается. Постоянно выходит разговаривать с тещей! Тихий голос. Характер не нордический. Студент вялый... Иногда опаздывает, иногда приходит раньше. Подлизывается, это можно использовать! Шуршит! 
===================================== 
RumyantsevXI
Характер не нордический. Делает сэлфи на каждой лекции. Делает сэлфи на каждой лекции. Ничего не записывает. Боится меня( Записывает все, что я говорю... Знаний никаких. Смешная фамилия) Болеет за Спартак... Все время сидит в телефоне. 
===================================== 
RumyantsevTJ
Подлизывается, это можно использовать! Ничего не записывает. Болеет за Спартак... Спит на лекциях! Записывает все, что я говорю... 
===================================== 
RumyantsevMY
На тройку знает, молодец! Спит на лекциях! В среду опоздание на 4 минуты; Смешная фамилия) Знаний никаких. Записывает все, что я говорю... Подлизывается, это можно использовать! 17 сентября опоздание на 5 минут; 
===================================== 
RudakovKR
Ничего не записывает. Не здоровается. 
===================================== 
RybkinPV
Отличник! Занимается спортом, работает, делает все вовремя!
